[debug] [2021-08-25T08:20:36.816Z] ----------------------------------------------------------------------
[debug] [2021-08-25T08:20:36.818Z] Command:       C:\Program Files\nodejs\node.exe C:\Users\Eitan\AppData\Roaming\npm\node_modules\firebase-tools\lib\bin\firebase.js init
[debug] [2021-08-25T08:20:36.818Z] CLI Version:   9.16.5
[debug] [2021-08-25T08:20:36.818Z] Platform:      win32
[debug] [2021-08-25T08:20:36.818Z] Node Version:  v14.16.0
[debug] [2021-08-25T08:20:36.819Z] Time:          Wed Aug 25 2021 11:20:36 GMT+0300 (שעון ישראל (קיץ))
[debug] [2021-08-25T08:20:36.820Z] ----------------------------------------------------------------------
[debug] 
[debug] [2021-08-25T08:20:36.821Z] >>> [apiv2][query] GET https://firebase-public.firebaseio.com/cli.json [none]
[debug] [2021-08-25T08:20:36.880Z] > command requires scopes: ["email","openid","https://www.googleapis.com/auth/cloudplatformprojects.readonly","https://www.googleapis.com/auth/firebase","https://www.googleapis.com/auth/cloud-platform"]
[debug] [2021-08-25T08:20:36.881Z] > authorizing via signed-in user (eitan.etzi@gmail.com)
[info] 
     ######## #### ########  ######## ########     ###     ######  ########
     ##        ##  ##     ## ##       ##     ##  ##   ##  ##       ##
     ######    ##  ########  ######   ########  #########  ######  ######
     ##        ##  ##    ##  ##       ##     ## ##     ##       ## ##
     ##       #### ##     ## ######## ########  ##     ##  ######  ########

You're about to initialize a Firebase project in this directory:

  C:\Users\Eitan\OneDrive\BlogReact\my-blog

Before we get started, keep in mind:

  * You are initializing within an existing Firebase project directory

[debug] [2021-08-25T08:20:37.451Z] <<< [apiv2][status] GET https://firebase-public.firebaseio.com/cli.json 200
[debug] [2021-08-25T08:20:37.451Z] <<< [apiv2][body] GET https://firebase-public.firebaseio.com/cli.json {"cloudBuildErrorAfter":1594252800000,"cloudBuildWarnAfter":1590019200000,"defaultNode10After":1594252800000,"minVersion":"3.0.5","node8DeploysDisabledAfter":1613390400000,"node8RuntimeDisabledAfter":1615809600000,"node8WarnAfter":1600128000000}
